<?xml version="1.0" encoding="UTF-8"?>
<!-- Generated by org.testng.reporters.JUnitReportReporter -->
<testsuite skipped="0" hostname="Sarang-Notebook" name="temp.tc_hubspot" tests="1" failures="0" timestamp="26 Jul 2019 16:53:53 GMT" time="5.303" errors="0">
  <testcase name="open" time="5.303" classname="temp.tc_hubspot"/>
</testsuite> <!-- temp.tc_hubspot -->
