<?xml version="1.0" encoding="UTF-8"?>
<!-- Generated by org.testng.reporters.JUnitReportReporter -->
<testsuite skipped="0" hostname="Sarang-Notebook" name="drivers.test" tests="1" failures="0" timestamp="21 Jul 2019 09:58:23 GMT" time="5.425" errors="0">
  <testcase name="openchrome" time="5.425" classname="drivers.test"/>
</testsuite> <!-- drivers.test -->
