<?xml version="1.0" encoding="UTF-8"?>
<!-- Generated by org.testng.reporters.JUnitReportReporter -->
<testsuite skipped="0" hostname="Sarang-Notebook" name="SeleniumSessions.DatePicker.DatePickerOnGoIbibo" tests="1" failures="0" timestamp="29 Jul 2019 13:03:57 GMT" time="13.086" errors="0">
  <testcase name="datePicker" time="13.086" classname="SeleniumSessions.DatePicker.DatePickerOnGoIbibo"/>
</testsuite> <!-- SeleniumSessions.DatePicker.DatePickerOnGoIbibo -->
